2026-03-25 23:48:50,629 - INFO - 待插入电影数据总量：100条
2026-03-25 23:53:05,717 - INFO - 待插入电影数据总量：100条
2026-03-25 23:53:05,736 - ERROR - 事务异常，已回滚：nan can not be used with MySQL
2026-03-25 23:53:05,737 - INFO - 数据库连接已关闭
2026-03-25 23:58:38,992 - INFO - 待插入电影数据总量：100条
2026-03-26 00:07:41,690 - INFO - 待插入电影数据总量：100条
2026-03-26 00:10:32,651 - INFO - 待插入电影数据总量：100条
2026-03-26 00:14:27,999 - INFO - 待插入电影数据总量：100条
2026-03-26 00:14:28,027 - INFO - 已插入：20/100条
2026-03-26 00:14:28,029 - INFO - 已插入：40/100条
2026-03-26 00:14:28,029 - INFO - 已插入：60/100条
2026-03-26 00:14:28,035 - INFO - 已插入：80/100条
2026-03-26 00:14:28,038 - INFO - 已插入：100/100条
2026-03-26 00:14:28,039 - INFO - 事务提交成功
2026-03-26 00:14:28,039 - INFO - 数据库连接已关闭
2026-03-26 00:14:28,039 - INFO - 电影表插入完成，累计成功插入：100条
2026-03-26 00:14:28,046 - INFO - 【入库验证】电影表总数据量：100条
2026-03-26 00:59:53,947 - INFO - 待插入电影数据总量：100条
2026-03-26 00:59:53,967 - INFO - 已插入：20/100条
2026-03-26 00:59:53,968 - INFO - 已插入：40/100条
2026-03-26 00:59:53,972 - INFO - 已插入：60/100条
2026-03-26 00:59:53,974 - INFO - 已插入：80/100条
2026-03-26 00:59:53,978 - INFO - 已插入：100/100条
2026-03-26 00:59:53,979 - INFO - 事务提交成功
2026-03-26 00:59:53,979 - INFO - 数据库连接已关闭
2026-03-26 00:59:53,979 - INFO - 电影表插入完成，累计成功插入：100条
2026-03-26 00:59:53,984 - INFO - 【入库验证】电影表总数据量：100条
2026-03-26 01:04:23,931 - INFO - 待插入电影数据总量：100条
2026-03-26 01:04:23,948 - INFO - 已插入：20/100条
2026-03-26 01:04:23,951 - INFO - 已插入：40/100条
2026-03-26 01:04:23,954 - INFO - 已插入：60/100条
2026-03-26 01:04:23,956 - INFO - 已插入：80/100条
2026-03-26 01:04:23,960 - INFO - 已插入：100/100条
2026-03-26 01:04:23,961 - INFO - 事务提交成功
2026-03-26 01:04:23,961 - INFO - 数据库连接已关闭
2026-03-26 01:04:23,961 - INFO - 电影表插入完成，累计成功插入：100条
2026-03-26 01:04:23,964 - INFO - 【入库验证】电影表总数据量：100条
2026-03-26 01:08:45,104 - INFO - 待插入电影数据总量：100条
2026-03-26 01:09:00,397 - INFO - 待插入电影数据总量：100条
2026-03-26 01:09:00,410 - INFO - 已插入：20/100条
2026-03-26 01:09:00,412 - INFO - 已插入：40/100条
2026-03-26 01:09:00,415 - INFO - 已插入：60/100条
2026-03-26 01:09:00,418 - INFO - 已插入：80/100条
2026-03-26 01:09:00,420 - INFO - 已插入：100/100条
2026-03-26 01:09:00,424 - INFO - 事务提交成功
2026-03-26 01:09:00,425 - INFO - 数据库连接已关闭
2026-03-26 01:09:00,425 - INFO - 电影表插入完成，累计成功插入：100条
2026-03-26 01:09:00,426 - INFO - 【入库验证】电影表总数据量：100条
